\BOOKMARK [1][-]{section.1001}{Preface}{}% 1
\BOOKMARK [1][-]{section.1002}{Introduction}{}% 2
\BOOKMARK [1][-]{section.1003}{Download and Installation}{}% 3
\BOOKMARK [1][-]{section.1004}{Overview of Program}{}% 4
\BOOKMARK [1][-]{section.1005}{Unit 1: The Hemodynamic Response}{}% 5
\BOOKMARK [2][-]{subsection.1.1}{Overview}{section.1005}% 6
\BOOKMARK [2][-]{subsection.1.2}{Define and Configure Events}{section.1005}% 7
\BOOKMARK [2][-]{subsection.1.3}{Visualize Event Signal}{section.1005}% 8
\BOOKMARK [2][-]{subsection.1.4}{Unit Exercises}{section.1005}% 9
\BOOKMARK [1][-]{section.2}{Unit 2: Event Hierarchy}{}% 10
\BOOKMARK [2][-]{subsection.2.1}{Overview}{section.2}% 11
\BOOKMARK [2][-]{subsection.2.2}{Hierarchy Outlined}{section.2}% 12
\BOOKMARK [2][-]{subsection.2.3}{Hierarchy in the Design Explorer}{section.2}% 13
\BOOKMARK [2][-]{subsection.2.4}{Unit Exercises}{section.2}% 14
\BOOKMARK [1][-]{section.3}{Unit 3: Block Designs}{}% 15
\BOOKMARK [2][-]{subsection.3.1}{Overview}{section.3}% 16
\BOOKMARK [2][-]{subsection.3.2}{The Design}{section.3}% 17
\BOOKMARK [2][-]{subsection.3.3}{Define and Configure Events}{section.3}% 18
\BOOKMARK [2][-]{subsection.3.4}{Visualize Event Signal}{section.3}% 19
\BOOKMARK [2][-]{subsection.3.5}{Unit Exercises}{section.3}% 20
\BOOKMARK [1][-]{section.4}{Unit 4: Slow Event Related Designs}{}% 21
\BOOKMARK [2][-]{subsection.4.1}{Overview}{section.4}% 22
\BOOKMARK [2][-]{subsection.4.2}{The Design}{section.4}% 23
\BOOKMARK [2][-]{subsection.4.3}{Define and Configure Events}{section.4}% 24
\BOOKMARK [2][-]{subsection.4.4}{Visualize Event Signal}{section.4}% 25
\BOOKMARK [2][-]{subsection.4.5}{Unit Exercises}{section.4}% 26
\BOOKMARK [1][-]{section.5}{Unit 5: Assessing Design Quality}{}% 27
\BOOKMARK [2][-]{subsection.5.1}{Overview}{section.5}% 28
\BOOKMARK [2][-]{subsection.5.2}{Optimization}{section.5}% 29
\BOOKMARK [2][-]{subsection.5.3}{Quality Metrics}{section.5}% 30
\BOOKMARK [2][-]{subsection.5.4}{Compare Designs}{section.5}% 31
\BOOKMARK [2][-]{subsection.5.5}{Unit Exercises}{section.5}% 32
\BOOKMARK [1][-]{section.6}{Unit 6: Fast Event-Related}{}% 33
\BOOKMARK [2][-]{subsection.6.1}{Overview}{section.6}% 34
\BOOKMARK [2][-]{subsection.6.2}{Define and Configure Events}{section.6}% 35
\BOOKMARK [2][-]{subsection.6.3}{Visualize Events}{section.6}% 36
\BOOKMARK [2][-]{subsection.6.4}{Unit Exercises}{section.6}% 37
